<?xml version="1.0" encoding="UTF-8"?>
<!-- Generated by org.testng.reporters.JUnitXMLReporter -->
<testsuite ignored="0" hostname="TYSS-Chaithra" failures="1" tests="1" name="Default test(failed)" time="0.03" errors="0" timestamp="2022-03-18T11:32:08 IST">
  <testcase classname="com.crm.PRACTICE.DebugPractice" name="demo" time="0.005">
    <failure type="java.lang.ArithmeticException" message="/ by zero">
      <![CDATA[java.lang.ArithmeticException: / by zero
at com.crm.PRACTICE.DebugPractice.div(DebugPractice.java:18)
at com.crm.PRACTICE.DebugPractice.demo(DebugPractice.java:12)
at java.base/java.util.ArrayList.forEach(ArrayList.java:1541)
... Removed 27 stack frames]]>
    </failure>
  </testcase> <!-- demo -->
</testsuite> <!-- Default test(failed) -->
