<?xml version="1.0" encoding="UTF-8"?>
<testng-results ignored="0" total="1" passed="1" failed="0" skipped="0">
  <reporter-output>
  </reporter-output>
  <suite started-at="2022-03-18T11:45:10 IST" name="Default suite" finished-at="2022-03-18T11:45:10 IST" duration-ms="30">
    <groups>
    </groups>
    <test started-at="2022-03-18T11:45:10 IST" name="Default test" finished-at="2022-03-18T11:45:10 IST" duration-ms="30">
      <class name="com.crm.PRACTICE.DebugPractice">
        <test-method signature="demo()[pri:0, instance:com.crm.PRACTICE.DebugPractice@29d89d5d]" started-at="2022-03-18T11:45:10 IST" name="demo" finished-at="2022-03-18T11:45:10 IST" duration-ms="5" status="PASS">
          <reporter-output>
          </reporter-output>
        </test-method> <!-- demo -->
      </class> <!-- com.crm.PRACTICE.DebugPractice -->
    </test> <!-- Default test -->
  </suite> <!-- Default suite -->
</testng-results>
